#! /usr/bin/vvp
:ivl_version "11.0 (stable)" "(v11_0)";
:ivl_delay_selection "TYPICAL";
:vpi_time_precision + 0;
:vpi_module "/usr/lib/ivl/system.vpi";
:vpi_module "/usr/lib/ivl/vhdl_sys.vpi";
:vpi_module "/usr/lib/ivl/vhdl_textio.vpi";
:vpi_module "/usr/lib/ivl/v2005_math.vpi";
:vpi_module "/usr/lib/ivl/va_math.vpi";
S_0x55e859758690 .scope module, "counter_bench" "counter_bench" 2 14;
 .timescale 0 0;
v0x55e8597c39b0_0 .net "CLK", 0 0, v0x55e8597c2f90_0;  1 drivers
v0x55e8597c3b00_0 .net "D", 3 0, v0x55e8597c3030_0;  1 drivers
v0x55e8597c3bc0_0 .net "D_16_bits", 15 0, v0x55e8597c30f0_0;  1 drivers
v0x55e8597c3c60_0 .net "ENB", 0 0, v0x55e8597c31f0_0;  1 drivers
v0x55e8597c3d90_0 .net "MODO", 1 0, v0x55e8597c3290_0;  1 drivers
v0x55e8597c3e50_0 .net "Q", 3 0, L_0x55e859763bb0;  1 drivers
v0x55e8597c3f60_0 .net "Q_16_bits", 15 0, L_0x55e8597c4b30;  1 drivers
v0x55e8597c4070_0 .net "RCO", 0 0, v0x55e8597bf7b0_0;  1 drivers
v0x55e8597c4160_0 .net "w1", 0 0, v0x55e8597c0d70_0;  1 drivers
v0x55e8597c4320_0 .net "w2", 0 0, v0x55e8597c0470_0;  1 drivers
v0x55e8597c4450_0 .net "w3", 0 0, v0x55e8597c2060_0;  1 drivers
S_0x55e859758c10 .scope module, "dut" "counter_4_bits" 2 33, 3 12 0, S_0x55e859758690;
 .timescale 0 0;
    .port_info 0 /OUTPUT 4 "Q";
    .port_info 1 /OUTPUT 1 "RCO";
    .port_info 2 /INPUT 4 "D";
    .port_info 3 /INPUT 1 "ENB";
    .port_info 4 /INPUT 1 "CLK";
    .port_info 5 /INPUT 2 "MODO";
L_0x55e859763bb0 .functor BUFZ 4, v0x55e8597bf6d0_0, C4<0000>, C4<0000>, C4<0000>;
v0x55e859763e10_0 .net "CLK", 0 0, v0x55e8597c2f90_0;  alias, 1 drivers
v0x55e8597643c0_0 .net "D", 3 0, v0x55e8597c3030_0;  alias, 1 drivers
v0x55e8597bf420_0 .net "ENB", 0 0, v0x55e8597c31f0_0;  alias, 1 drivers
v0x55e8597bf4c0_0 .net "MODO", 1 0, v0x55e8597c3290_0;  alias, 1 drivers
v0x55e8597bf5a0_0 .net "Q", 3 0, L_0x55e859763bb0;  alias, 1 drivers
v0x55e8597bf6d0_0 .var "Q_temp", 3 0;
v0x55e8597bf7b0_0 .var "RCO", 0 0;
E_0x55e85976ebd0/0 .event edge, v0x55e8597bf420_0;
E_0x55e85976ebd0/1 .event posedge, v0x55e859763e10_0;
E_0x55e85976ebd0 .event/or E_0x55e85976ebd0/0, E_0x55e85976ebd0/1;
S_0x55e8597bf930 .scope module, "dut_16_bits" "counter_16_bits" 2 34, 3 90 0, S_0x55e859758690;
 .timescale 0 0;
    .port_info 0 /OUTPUT 16 "Q";
    .port_info 1 /OUTPUT 1 "w1";
    .port_info 2 /OUTPUT 1 "w2";
    .port_info 3 /OUTPUT 1 "w3";
    .port_info 4 /OUTPUT 1 "w4";
    .port_info 5 /INPUT 16 "D";
    .port_info 6 /INPUT 1 "CLK";
    .port_info 7 /INPUT 1 "ENB";
    .port_info 8 /INPUT 2 "MODO";
L_0x55e85979f1d0 .functor BUFZ 1, v0x55e8597c2750_0, C4<0>, C4<0>, C4<0>;
v0x55e8597c21e0_0 .net "CLK", 0 0, v0x55e8597c2f90_0;  alias, 1 drivers
v0x55e8597c22f0_0 .net "D", 15 0, v0x55e8597c30f0_0;  alias, 1 drivers
v0x55e8597c23d0_0 .net "ENB", 0 0, v0x55e8597c31f0_0;  alias, 1 drivers
v0x55e8597c24c0_0 .net "MODO", 1 0, v0x55e8597c3290_0;  alias, 1 drivers
v0x55e8597c2560_0 .net "Q", 15 0, L_0x55e8597c4b30;  alias, 1 drivers
v0x55e8597c2690_0 .net "RCO", 0 0, L_0x55e85979f1d0;  1 drivers
v0x55e8597c2750_0 .var "RCO_temp", 0 0;
v0x55e8597c2810_0 .var "a1", 0 0;
v0x55e8597c28b0_0 .var "a2", 0 0;
v0x55e8597c2950_0 .var "a3", 0 0;
v0x55e8597c29f0_0 .net "w1", 0 0, v0x55e8597c0d70_0;  alias, 1 drivers
v0x55e8597c2a90_0 .net "w2", 0 0, v0x55e8597c0470_0;  alias, 1 drivers
v0x55e8597c2b80_0 .net "w3", 0 0, v0x55e8597c2060_0;  alias, 1 drivers
v0x55e8597c2c70_0 .net "w4", 0 0, v0x55e8597c1700_0;  1 drivers
E_0x55e85976ea70/0 .event edge, v0x55e8597c2560_0;
E_0x55e85976ea70/1 .event posedge, v0x55e859763e10_0;
E_0x55e85976ea70 .event/or E_0x55e85976ea70/0, E_0x55e85976ea70/1;
L_0x55e8597c45c0 .part v0x55e8597c30f0_0, 0, 4;
L_0x55e8597c4760 .part v0x55e8597c30f0_0, 4, 4;
L_0x55e8597c4990 .part v0x55e8597c30f0_0, 8, 4;
L_0x55e8597c4b30 .concat8 [ 4 4 4 4], v0x55e8597c0c90_0, v0x55e8597c0390_0, v0x55e8597c1f80_0, v0x55e8597c1620_0;
L_0x55e8597c4c30 .part v0x55e8597c30f0_0, 12, 4;
S_0x55e8597bfc80 .scope module, "counter_FSB" "counter_4_bits" 3 171, 3 12 0, S_0x55e8597bf930;
 .timescale 0 0;
    .port_info 0 /OUTPUT 4 "Q";
    .port_info 1 /OUTPUT 1 "RCO";
    .port_info 2 /INPUT 4 "D";
    .port_info 3 /INPUT 1 "ENB";
    .port_info 4 /INPUT 1 "CLK";
    .port_info 5 /INPUT 2 "MODO";
v0x55e8597bff60_0 .net "CLK", 0 0, v0x55e8597c0d70_0;  alias, 1 drivers
v0x55e8597c0040_0 .net "D", 3 0, L_0x55e8597c4760;  1 drivers
v0x55e8597c0120_0 .net "ENB", 0 0, v0x55e8597c2810_0;  1 drivers
v0x55e8597c01c0_0 .net "MODO", 1 0, v0x55e8597c3290_0;  alias, 1 drivers
v0x55e8597c0280_0 .net "Q", 3 0, v0x55e8597c0390_0;  1 drivers
v0x55e8597c0390_0 .var "Q_temp", 3 0;
v0x55e8597c0470_0 .var "RCO", 0 0;
E_0x55e8597a4490/0 .event edge, v0x55e8597c0120_0;
E_0x55e8597a4490/1 .event posedge, v0x55e8597bff60_0;
E_0x55e8597a4490 .event/or E_0x55e8597a4490/0, E_0x55e8597a4490/1;
S_0x55e8597c05f0 .scope module, "counter_LSB" "counter_4_bits" 3 170, 3 12 0, S_0x55e8597bf930;
 .timescale 0 0;
    .port_info 0 /OUTPUT 4 "Q";
    .port_info 1 /OUTPUT 1 "RCO";
    .port_info 2 /INPUT 4 "D";
    .port_info 3 /INPUT 1 "ENB";
    .port_info 4 /INPUT 1 "CLK";
    .port_info 5 /INPUT 2 "MODO";
v0x55e8597c0890_0 .net "CLK", 0 0, v0x55e8597c2f90_0;  alias, 1 drivers
v0x55e8597c0930_0 .net "D", 3 0, L_0x55e8597c45c0;  1 drivers
v0x55e8597c09f0_0 .net "ENB", 0 0, v0x55e8597c31f0_0;  alias, 1 drivers
v0x55e8597c0a90_0 .net "MODO", 1 0, v0x55e8597c3290_0;  alias, 1 drivers
v0x55e8597c0b80_0 .net "Q", 3 0, v0x55e8597c0c90_0;  1 drivers
v0x55e8597c0c90_0 .var "Q_temp", 3 0;
v0x55e8597c0d70_0 .var "RCO", 0 0;
S_0x55e8597c0ef0 .scope module, "counter_MSB" "counter_4_bits" 3 173, 3 12 0, S_0x55e8597bf930;
 .timescale 0 0;
    .port_info 0 /OUTPUT 4 "Q";
    .port_info 1 /OUTPUT 1 "RCO";
    .port_info 2 /INPUT 4 "D";
    .port_info 3 /INPUT 1 "ENB";
    .port_info 4 /INPUT 1 "CLK";
    .port_info 5 /INPUT 2 "MODO";
v0x55e8597c11d0_0 .net "CLK", 0 0, v0x55e8597c2060_0;  alias, 1 drivers
v0x55e8597c12b0_0 .net "D", 3 0, L_0x55e8597c4c30;  1 drivers
v0x55e8597c1390_0 .net "ENB", 0 0, v0x55e8597c2950_0;  1 drivers
v0x55e8597c1430_0 .net "MODO", 1 0, v0x55e8597c3290_0;  alias, 1 drivers
v0x55e8597c14f0_0 .net "Q", 3 0, v0x55e8597c1620_0;  1 drivers
v0x55e8597c1620_0 .var "Q_temp", 3 0;
v0x55e8597c1700_0 .var "RCO", 0 0;
E_0x55e8597c1170/0 .event edge, v0x55e8597c1390_0;
E_0x55e8597c1170/1 .event posedge, v0x55e8597c11d0_0;
E_0x55e8597c1170 .event/or E_0x55e8597c1170/0, E_0x55e8597c1170/1;
S_0x55e8597c18c0 .scope module, "counter_SSB" "counter_4_bits" 3 172, 3 12 0, S_0x55e8597bf930;
 .timescale 0 0;
    .port_info 0 /OUTPUT 4 "Q";
    .port_info 1 /OUTPUT 1 "RCO";
    .port_info 2 /INPUT 4 "D";
    .port_info 3 /INPUT 1 "ENB";
    .port_info 4 /INPUT 1 "CLK";
    .port_info 5 /INPUT 2 "MODO";
v0x55e8597c1bc0_0 .net "CLK", 0 0, v0x55e8597c0470_0;  alias, 1 drivers
v0x55e8597c1c80_0 .net "D", 3 0, L_0x55e8597c4990;  1 drivers
v0x55e8597c1d40_0 .net "ENB", 0 0, v0x55e8597c28b0_0;  1 drivers
v0x55e8597c1de0_0 .net "MODO", 1 0, v0x55e8597c3290_0;  alias, 1 drivers
v0x55e8597c1ea0_0 .net "Q", 3 0, v0x55e8597c1f80_0;  1 drivers
v0x55e8597c1f80_0 .var "Q_temp", 3 0;
v0x55e8597c2060_0 .var "RCO", 0 0;
E_0x55e8597c1b40/0 .event edge, v0x55e8597c1d40_0;
E_0x55e8597c1b40/1 .event posedge, v0x55e8597c0470_0;
E_0x55e8597c1b40 .event/or E_0x55e8597c1b40/0, E_0x55e8597c1b40/1;
S_0x55e8597c2e00 .scope module, "t1" "tester_h" 2 35, 4 13 0, S_0x55e859758690;
 .timescale 0 0;
    .port_info 0 /INPUT 1 "w1";
    .port_info 1 /INPUT 1 "w2";
    .port_info 2 /INPUT 1 "w3";
    .port_info 3 /OUTPUT 4 "D";
    .port_info 4 /OUTPUT 16 "D_16_bits";
    .port_info 5 /OUTPUT 1 "ENB";
    .port_info 6 /OUTPUT 1 "CLK";
    .port_info 7 /OUTPUT 2 "MODO";
    .port_info 8 /INPUT 4 "Q";
    .port_info 9 /INPUT 16 "Q_16_bits";
    .port_info 10 /INPUT 1 "RCO";
v0x55e8597c2f90_0 .var "CLK", 0 0;
v0x55e8597c3030_0 .var "D", 3 0;
v0x55e8597c30f0_0 .var "D_16_bits", 15 0;
v0x55e8597c31f0_0 .var "ENB", 0 0;
v0x55e8597c3290_0 .var "MODO", 1 0;
v0x55e8597c3380_0 .net "Q", 3 0, L_0x55e859763bb0;  alias, 1 drivers
v0x55e8597c3420_0 .net "Q_16_bits", 15 0, L_0x55e8597c4b30;  alias, 1 drivers
v0x55e8597c34f0_0 .net "RCO", 0 0, v0x55e8597bf7b0_0;  alias, 1 drivers
v0x55e8597c35c0_0 .net "w1", 0 0, v0x55e8597c0d70_0;  alias, 1 drivers
v0x55e8597c36f0_0 .net "w2", 0 0, v0x55e8597c0470_0;  alias, 1 drivers
v0x55e8597c3790_0 .net "w3", 0 0, v0x55e8597c2060_0;  alias, 1 drivers
    .scope S_0x55e859758c10;
T_0 ;
    %wait E_0x55e85976ebd0;
    %load/vec4 v0x55e8597bf420_0;
    %pad/u 32;
    %cmpi/e 0, 0, 32;
    %jmp/0xz  T_0.0, 4;
    %pushi/vec4 0, 0, 4;
    %assign/vec4 v0x55e8597bf6d0_0, 0;
    %pushi/vec4 0, 0, 1;
    %assign/vec4 v0x55e8597bf7b0_0, 0;
    %jmp T_0.1;
T_0.0 ;
    %load/vec4 v0x55e8597bf420_0;
    %pad/u 32;
    %cmpi/e 1, 0, 32;
    %jmp/0xz  T_0.2, 4;
    %load/vec4 v0x55e8597bf4c0_0;
    %cmpi/e 0, 0, 2;
    %jmp/0xz  T_0.4, 4;
    %load/vec4 v0x55e8597bf6d0_0;
    %addi 1, 0, 4;
    %assign/vec4 v0x55e8597bf6d0_0, 0;
    %pushi/vec4 0, 0, 1;
    %assign/vec4 v0x55e8597bf7b0_0, 0;
    %load/vec4 v0x55e8597bf6d0_0;
    %cmpi/e 15, 0, 4;
    %jmp/0xz  T_0.6, 4;
    %pushi/vec4 1, 0, 1;
    %assign/vec4 v0x55e8597bf7b0_0, 0;
T_0.6 ;
    %jmp T_0.5;
T_0.4 ;
    %load/vec4 v0x55e8597bf4c0_0;
    %cmpi/e 1, 0, 2;
    %jmp/0xz  T_0.8, 4;
    %load/vec4 v0x55e8597bf6d0_0;
    %subi 1, 0, 4;
    %assign/vec4 v0x55e8597bf6d0_0, 0;
    %pushi/vec4 0, 0, 1;
    %assign/vec4 v0x55e8597bf7b0_0, 0;
    %load/vec4 v0x55e8597bf6d0_0;
    %cmpi/u 0, 0, 4;
    %flag_or 5, 4;
    %jmp/0xz  T_0.10, 5;
    %pushi/vec4 1, 0, 1;
    %assign/vec4 v0x55e8597bf7b0_0, 0;
T_0.10 ;
    %jmp T_0.9;
T_0.8 ;
    %load/vec4 v0x55e8597bf4c0_0;
    %cmpi/e 2, 0, 2;
    %jmp/0xz  T_0.12, 4;
    %pushi/vec4 0, 0, 1;
    %assign/vec4 v0x55e8597bf7b0_0, 0;
    %load/vec4 v0x55e8597bf6d0_0;
    %subi 3, 0, 4;
    %assign/vec4 v0x55e8597bf6d0_0, 0;
    %load/vec4 v0x55e8597bf6d0_0;
    %cmpi/u 0, 0, 4;
    %flag_or 5, 4;
    %flag_mov 8, 5;
    %load/vec4 v0x55e8597bf6d0_0;
    %cmpi/u 1, 0, 4;
    %flag_or 5, 4;
    %flag_or 5, 8;
    %flag_mov 8, 5;
    %load/vec4 v0x55e8597bf6d0_0;
    %cmpi/u 2, 0, 4;
    %flag_or 5, 4;
    %flag_or 5, 8;
    %jmp/0xz  T_0.14, 5;
    %pushi/vec4 1, 0, 1;
    %assign/vec4 v0x55e8597bf7b0_0, 0;
T_0.14 ;
    %jmp T_0.13;
T_0.12 ;
    %load/vec4 v0x55e8597bf4c0_0;
    %cmpi/e 3, 0, 2;
    %jmp/0xz  T_0.16, 4;
    %load/vec4 v0x55e8597643c0_0;
    %assign/vec4 v0x55e8597bf6d0_0, 0;
    %pushi/vec4 0, 0, 1;
    %assign/vec4 v0x55e8597bf7b0_0, 0;
T_0.16 ;
T_0.13 ;
T_0.9 ;
T_0.5 ;
T_0.2 ;
T_0.1 ;
    %jmp T_0;
    .thread T_0;
    .scope S_0x55e8597c05f0;
T_1 ;
    %wait E_0x55e85976ebd0;
    %load/vec4 v0x55e8597c09f0_0;
    %pad/u 32;
    %cmpi/e 0, 0, 32;
    %jmp/0xz  T_1.0, 4;
    %pushi/vec4 0, 0, 4;
    %assign/vec4 v0x55e8597c0c90_0, 0;
    %pushi/vec4 0, 0, 1;
    %assign/vec4 v0x55e8597c0d70_0, 0;
    %jmp T_1.1;
T_1.0 ;
    %load/vec4 v0x55e8597c09f0_0;
    %pad/u 32;
    %cmpi/e 1, 0, 32;
    %jmp/0xz  T_1.2, 4;
    %load/vec4 v0x55e8597c0a90_0;
    %cmpi/e 0, 0, 2;
    %jmp/0xz  T_1.4, 4;
    %load/vec4 v0x55e8597c0c90_0;
    %addi 1, 0, 4;
    %assign/vec4 v0x55e8597c0c90_0, 0;
    %pushi/vec4 0, 0, 1;
    %assign/vec4 v0x55e8597c0d70_0, 0;
    %load/vec4 v0x55e8597c0c90_0;
    %cmpi/e 15, 0, 4;
    %jmp/0xz  T_1.6, 4;
    %pushi/vec4 1, 0, 1;
    %assign/vec4 v0x55e8597c0d70_0, 0;
T_1.6 ;
    %jmp T_1.5;
T_1.4 ;
    %load/vec4 v0x55e8597c0a90_0;
    %cmpi/e 1, 0, 2;
    %jmp/0xz  T_1.8, 4;
    %load/vec4 v0x55e8597c0c90_0;
    %subi 1, 0, 4;
    %assign/vec4 v0x55e8597c0c90_0, 0;
    %pushi/vec4 0, 0, 1;
    %assign/vec4 v0x55e8597c0d70_0, 0;
    %load/vec4 v0x55e8597c0c90_0;
    %cmpi/u 0, 0, 4;
    %flag_or 5, 4;
    %jmp/0xz  T_1.10, 5;
    %pushi/vec4 1, 0, 1;
    %assign/vec4 v0x55e8597c0d70_0, 0;
T_1.10 ;
    %jmp T_1.9;
T_1.8 ;
    %load/vec4 v0x55e8597c0a90_0;
    %cmpi/e 2, 0, 2;
    %jmp/0xz  T_1.12, 4;
    %pushi/vec4 0, 0, 1;
    %assign/vec4 v0x55e8597c0d70_0, 0;
    %load/vec4 v0x55e8597c0c90_0;
    %subi 3, 0, 4;
    %assign/vec4 v0x55e8597c0c90_0, 0;
    %load/vec4 v0x55e8597c0c90_0;
    %cmpi/u 0, 0, 4;
    %flag_or 5, 4;
    %flag_mov 8, 5;
    %load/vec4 v0x55e8597c0c90_0;
    %cmpi/u 1, 0, 4;
    %flag_or 5, 4;
    %flag_or 5, 8;
    %flag_mov 8, 5;
    %load/vec4 v0x55e8597c0c90_0;
    %cmpi/u 2, 0, 4;
    %flag_or 5, 4;
    %flag_or 5, 8;
    %jmp/0xz  T_1.14, 5;
    %pushi/vec4 1, 0, 1;
    %assign/vec4 v0x55e8597c0d70_0, 0;
T_1.14 ;
    %jmp T_1.13;
T_1.12 ;
    %load/vec4 v0x55e8597c0a90_0;
    %cmpi/e 3, 0, 2;
    %jmp/0xz  T_1.16, 4;
    %load/vec4 v0x55e8597c0930_0;
    %assign/vec4 v0x55e8597c0c90_0, 0;
    %pushi/vec4 0, 0, 1;
    %assign/vec4 v0x55e8597c0d70_0, 0;
T_1.16 ;
T_1.13 ;
T_1.9 ;
T_1.5 ;
T_1.2 ;
T_1.1 ;
    %jmp T_1;
    .thread T_1;
    .scope S_0x55e8597bfc80;
T_2 ;
    %wait E_0x55e8597a4490;
    %load/vec4 v0x55e8597c0120_0;
    %pad/u 32;
    %cmpi/e 0, 0, 32;
    %jmp/0xz  T_2.0, 4;
    %pushi/vec4 0, 0, 4;
    %assign/vec4 v0x55e8597c0390_0, 0;
    %pushi/vec4 0, 0, 1;
    %assign/vec4 v0x55e8597c0470_0, 0;
    %jmp T_2.1;
T_2.0 ;
    %load/vec4 v0x55e8597c0120_0;
    %pad/u 32;
    %cmpi/e 1, 0, 32;
    %jmp/0xz  T_2.2, 4;
    %load/vec4 v0x55e8597c01c0_0;
    %cmpi/e 0, 0, 2;
    %jmp/0xz  T_2.4, 4;
    %load/vec4 v0x55e8597c0390_0;
    %addi 1, 0, 4;
    %assign/vec4 v0x55e8597c0390_0, 0;
    %pushi/vec4 0, 0, 1;
    %assign/vec4 v0x55e8597c0470_0, 0;
    %load/vec4 v0x55e8597c0390_0;
    %cmpi/e 15, 0, 4;
    %jmp/0xz  T_2.6, 4;
    %pushi/vec4 1, 0, 1;
    %assign/vec4 v0x55e8597c0470_0, 0;
T_2.6 ;
    %jmp T_2.5;
T_2.4 ;
    %load/vec4 v0x55e8597c01c0_0;
    %cmpi/e 1, 0, 2;
    %jmp/0xz  T_2.8, 4;
    %load/vec4 v0x55e8597c0390_0;
    %subi 1, 0, 4;
    %assign/vec4 v0x55e8597c0390_0, 0;
    %pushi/vec4 0, 0, 1;
    %assign/vec4 v0x55e8597c0470_0, 0;
    %load/vec4 v0x55e8597c0390_0;
    %cmpi/u 0, 0, 4;
    %flag_or 5, 4;
    %jmp/0xz  T_2.10, 5;
    %pushi/vec4 1, 0, 1;
    %assign/vec4 v0x55e8597c0470_0, 0;
T_2.10 ;
    %jmp T_2.9;
T_2.8 ;
    %load/vec4 v0x55e8597c01c0_0;
    %cmpi/e 2, 0, 2;
    %jmp/0xz  T_2.12, 4;
    %pushi/vec4 0, 0, 1;
    %assign/vec4 v0x55e8597c0470_0, 0;
    %load/vec4 v0x55e8597c0390_0;
    %subi 3, 0, 4;
    %assign/vec4 v0x55e8597c0390_0, 0;
    %load/vec4 v0x55e8597c0390_0;
    %cmpi/u 0, 0, 4;
    %flag_or 5, 4;
    %flag_mov 8, 5;
    %load/vec4 v0x55e8597c0390_0;
    %cmpi/u 1, 0, 4;
    %flag_or 5, 4;
    %flag_or 5, 8;
    %flag_mov 8, 5;
    %load/vec4 v0x55e8597c0390_0;
    %cmpi/u 2, 0, 4;
    %flag_or 5, 4;
    %flag_or 5, 8;
    %jmp/0xz  T_2.14, 5;
    %pushi/vec4 1, 0, 1;
    %assign/vec4 v0x55e8597c0470_0, 0;
T_2.14 ;
    %jmp T_2.13;
T_2.12 ;
    %load/vec4 v0x55e8597c01c0_0;
    %cmpi/e 3, 0, 2;
    %jmp/0xz  T_2.16, 4;
    %load/vec4 v0x55e8597c0040_0;
    %assign/vec4 v0x55e8597c0390_0, 0;
    %pushi/vec4 0, 0, 1;
    %assign/vec4 v0x55e8597c0470_0, 0;
T_2.16 ;
T_2.13 ;
T_2.9 ;
T_2.5 ;
T_2.2 ;
T_2.1 ;
    %jmp T_2;
    .thread T_2;
    .scope S_0x55e8597c18c0;
T_3 ;
    %wait E_0x55e8597c1b40;
    %load/vec4 v0x55e8597c1d40_0;
    %pad/u 32;
    %cmpi/e 0, 0, 32;
    %jmp/0xz  T_3.0, 4;
    %pushi/vec4 0, 0, 4;
    %assign/vec4 v0x55e8597c1f80_0, 0;
    %pushi/vec4 0, 0, 1;
    %assign/vec4 v0x55e8597c2060_0, 0;
    %jmp T_3.1;
T_3.0 ;
    %load/vec4 v0x55e8597c1d40_0;
    %pad/u 32;
    %cmpi/e 1, 0, 32;
    %jmp/0xz  T_3.2, 4;
    %load/vec4 v0x55e8597c1de0_0;
    %cmpi/e 0, 0, 2;
    %jmp/0xz  T_3.4, 4;
    %load/vec4 v0x55e8597c1f80_0;
    %addi 1, 0, 4;
    %assign/vec4 v0x55e8597c1f80_0, 0;
    %pushi/vec4 0, 0, 1;
    %assign/vec4 v0x55e8597c2060_0, 0;
    %load/vec4 v0x55e8597c1f80_0;
    %cmpi/e 15, 0, 4;
    %jmp/0xz  T_3.6, 4;
    %pushi/vec4 1, 0, 1;
    %assign/vec4 v0x55e8597c2060_0, 0;
T_3.6 ;
    %jmp T_3.5;
T_3.4 ;
    %load/vec4 v0x55e8597c1de0_0;
    %cmpi/e 1, 0, 2;
    %jmp/0xz  T_3.8, 4;
    %load/vec4 v0x55e8597c1f80_0;
    %subi 1, 0, 4;
    %assign/vec4 v0x55e8597c1f80_0, 0;
    %pushi/vec4 0, 0, 1;
    %assign/vec4 v0x55e8597c2060_0, 0;
    %load/vec4 v0x55e8597c1f80_0;
    %cmpi/u 0, 0, 4;
    %flag_or 5, 4;
    %jmp/0xz  T_3.10, 5;
    %pushi/vec4 1, 0, 1;
    %assign/vec4 v0x55e8597c2060_0, 0;
T_3.10 ;
    %jmp T_3.9;
T_3.8 ;
    %load/vec4 v0x55e8597c1de0_0;
    %cmpi/e 2, 0, 2;
    %jmp/0xz  T_3.12, 4;
    %pushi/vec4 0, 0, 1;
    %assign/vec4 v0x55e8597c2060_0, 0;
    %load/vec4 v0x55e8597c1f80_0;
    %subi 3, 0, 4;
    %assign/vec4 v0x55e8597c1f80_0, 0;
    %load/vec4 v0x55e8597c1f80_0;
    %cmpi/u 0, 0, 4;
    %flag_or 5, 4;
    %flag_mov 8, 5;
    %load/vec4 v0x55e8597c1f80_0;
    %cmpi/u 1, 0, 4;
    %flag_or 5, 4;
    %flag_or 5, 8;
    %flag_mov 8, 5;
    %load/vec4 v0x55e8597c1f80_0;
    %cmpi/u 2, 0, 4;
    %flag_or 5, 4;
    %flag_or 5, 8;
    %jmp/0xz  T_3.14, 5;
    %pushi/vec4 1, 0, 1;
    %assign/vec4 v0x55e8597c2060_0, 0;
T_3.14 ;
    %jmp T_3.13;
T_3.12 ;
    %load/vec4 v0x55e8597c1de0_0;
    %cmpi/e 3, 0, 2;
    %jmp/0xz  T_3.16, 4;
    %load/vec4 v0x55e8597c1c80_0;
    %assign/vec4 v0x55e8597c1f80_0, 0;
    %pushi/vec4 0, 0, 1;
    %assign/vec4 v0x55e8597c2060_0, 0;
T_3.16 ;
T_3.13 ;
T_3.9 ;
T_3.5 ;
T_3.2 ;
T_3.1 ;
    %jmp T_3;
    .thread T_3;
    .scope S_0x55e8597c0ef0;
T_4 ;
    %wait E_0x55e8597c1170;
    %load/vec4 v0x55e8597c1390_0;
    %pad/u 32;
    %cmpi/e 0, 0, 32;
    %jmp/0xz  T_4.0, 4;
    %pushi/vec4 0, 0, 4;
    %assign/vec4 v0x55e8597c1620_0, 0;
    %pushi/vec4 0, 0, 1;
    %assign/vec4 v0x55e8597c1700_0, 0;
    %jmp T_4.1;
T_4.0 ;
    %load/vec4 v0x55e8597c1390_0;
    %pad/u 32;
    %cmpi/e 1, 0, 32;
    %jmp/0xz  T_4.2, 4;
    %load/vec4 v0x55e8597c1430_0;
    %cmpi/e 0, 0, 2;
    %jmp/0xz  T_4.4, 4;
    %load/vec4 v0x55e8597c1620_0;
    %addi 1, 0, 4;
    %assign/vec4 v0x55e8597c1620_0, 0;
    %pushi/vec4 0, 0, 1;
    %assign/vec4 v0x55e8597c1700_0, 0;
    %load/vec4 v0x55e8597c1620_0;
    %cmpi/e 15, 0, 4;
    %jmp/0xz  T_4.6, 4;
    %pushi/vec4 1, 0, 1;
    %assign/vec4 v0x55e8597c1700_0, 0;
T_4.6 ;
    %jmp T_4.5;
T_4.4 ;
    %load/vec4 v0x55e8597c1430_0;
    %cmpi/e 1, 0, 2;
    %jmp/0xz  T_4.8, 4;
    %load/vec4 v0x55e8597c1620_0;
    %subi 1, 0, 4;
    %assign/vec4 v0x55e8597c1620_0, 0;
    %pushi/vec4 0, 0, 1;
    %assign/vec4 v0x55e8597c1700_0, 0;
    %load/vec4 v0x55e8597c1620_0;
    %cmpi/u 0, 0, 4;
    %flag_or 5, 4;
    %jmp/0xz  T_4.10, 5;
    %pushi/vec4 1, 0, 1;
    %assign/vec4 v0x55e8597c1700_0, 0;
T_4.10 ;
    %jmp T_4.9;
T_4.8 ;
    %load/vec4 v0x55e8597c1430_0;
    %cmpi/e 2, 0, 2;
    %jmp/0xz  T_4.12, 4;
    %pushi/vec4 0, 0, 1;
    %assign/vec4 v0x55e8597c1700_0, 0;
    %load/vec4 v0x55e8597c1620_0;
    %subi 3, 0, 4;
    %assign/vec4 v0x55e8597c1620_0, 0;
    %load/vec4 v0x55e8597c1620_0;
    %cmpi/u 0, 0, 4;
    %flag_or 5, 4;
    %flag_mov 8, 5;
    %load/vec4 v0x55e8597c1620_0;
    %cmpi/u 1, 0, 4;
    %flag_or 5, 4;
    %flag_or 5, 8;
    %flag_mov 8, 5;
    %load/vec4 v0x55e8597c1620_0;
    %cmpi/u 2, 0, 4;
    %flag_or 5, 4;
    %flag_or 5, 8;
    %jmp/0xz  T_4.14, 5;
    %pushi/vec4 1, 0, 1;
    %assign/vec4 v0x55e8597c1700_0, 0;
T_4.14 ;
    %jmp T_4.13;
T_4.12 ;
    %load/vec4 v0x55e8597c1430_0;
    %cmpi/e 3, 0, 2;
    %jmp/0xz  T_4.16, 4;
    %load/vec4 v0x55e8597c12b0_0;
    %assign/vec4 v0x55e8597c1620_0, 0;
    %pushi/vec4 0, 0, 1;
    %assign/vec4 v0x55e8597c1700_0, 0;
T_4.16 ;
T_4.13 ;
T_4.9 ;
T_4.5 ;
T_4.2 ;
T_4.1 ;
    %jmp T_4;
    .thread T_4;
    .scope S_0x55e8597bf930;
T_5 ;
    %pushi/vec4 0, 0, 1;
    %store/vec4 v0x55e8597c2810_0, 0, 1;
    %pushi/vec4 0, 0, 1;
    %store/vec4 v0x55e8597c28b0_0, 0, 1;
    %pushi/vec4 0, 0, 1;
    %store/vec4 v0x55e8597c2950_0, 0, 1;
    %pushi/vec4 0, 0, 1;
    %store/vec4 v0x55e8597c2750_0, 0, 1;
    %end;
    .thread T_5;
    .scope S_0x55e8597bf930;
T_6 ;
    %wait E_0x55e85976ea70;
    %load/vec4 v0x55e8597c24c0_0;
    %cmpi/e 3, 0, 2;
    %jmp/0xz  T_6.0, 4;
    %pushi/vec4 0, 0, 3;
    %split/vec4 1;
    %store/vec4 v0x55e8597c2950_0, 0, 1;
    %split/vec4 1;
    %store/vec4 v0x55e8597c28b0_0, 0, 1;
    %store/vec4 v0x55e8597c2810_0, 0, 1;
T_6.0 ;
    %load/vec4 v0x55e8597c29f0_0;
    %pad/u 32;
    %cmpi/e 0, 0, 32;
    %flag_mov 8, 4;
    %load/vec4 v0x55e8597c2a90_0;
    %pad/u 32;
    %cmpi/e 0, 0, 32;
    %flag_or 4, 8;
    %flag_mov 8, 4;
    %load/vec4 v0x55e8597c2b80_0;
    %pad/u 32;
    %cmpi/e 0, 0, 32;
    %flag_or 4, 8;
    %jmp/0xz  T_6.2, 4;
    %pushi/vec4 1, 0, 1;
    %store/vec4 v0x55e8597c2810_0, 0, 1;
    %pushi/vec4 1, 0, 1;
    %store/vec4 v0x55e8597c28b0_0, 0, 1;
    %pushi/vec4 1, 0, 1;
    %store/vec4 v0x55e8597c2950_0, 0, 1;
T_6.2 ;
    %load/vec4 v0x55e8597c29f0_0;
    %pad/u 32;
    %cmpi/e 1, 0, 32;
    %jmp/0xz  T_6.4, 4;
    %pushi/vec4 1, 0, 1;
    %assign/vec4 v0x55e8597c2750_0, 0;
    %pushi/vec4 1, 0, 1;
    %store/vec4 v0x55e8597c2810_0, 0, 1;
T_6.4 ;
    %load/vec4 v0x55e8597c2a90_0;
    %pad/u 32;
    %cmpi/e 1, 0, 32;
    %jmp/0xz  T_6.6, 4;
    %pushi/vec4 1, 0, 1;
    %assign/vec4 v0x55e8597c2750_0, 0;
    %pushi/vec4 1, 0, 1;
    %store/vec4 v0x55e8597c28b0_0, 0, 1;
T_6.6 ;
    %load/vec4 v0x55e8597c2b80_0;
    %pad/u 32;
    %cmpi/e 1, 0, 32;
    %jmp/0xz  T_6.8, 4;
    %pushi/vec4 1, 0, 1;
    %assign/vec4 v0x55e8597c2750_0, 0;
    %pushi/vec4 1, 0, 1;
    %store/vec4 v0x55e8597c2950_0, 0, 1;
T_6.8 ;
    %jmp T_6;
    .thread T_6;
    .scope S_0x55e8597c2e00;
T_7 ;
    %vpi_call 4 27 "$monitor", "Time = %d, D = %d, ENB = %b, MODO = %b, Q = %d, RCO=%b", $time, v0x55e8597c3030_0, v0x55e8597c31f0_0, v0x55e8597c3290_0, v0x55e8597c3380_0, v0x55e8597c34f0_0 {0 0 0};
    %end;
    .thread T_7;
    .scope S_0x55e8597c2e00;
T_8 ;
    %pushi/vec4 0, 0, 2;
    %split/vec4 1;
    %store/vec4 v0x55e8597c31f0_0, 0, 1;
    %store/vec4 v0x55e8597c2f90_0, 0, 1;
    %end;
    .thread T_8;
    .scope S_0x55e8597c2e00;
T_9 ;
    %delay 1, 0;
    %load/vec4 v0x55e8597c2f90_0;
    %inv;
    %store/vec4 v0x55e8597c2f90_0, 0, 1;
    %jmp T_9;
    .thread T_9;
    .scope S_0x55e8597c2e00;
T_10 ;
    %vpi_call 4 38 "$display", "\012Cuenta descendente 1 en 1." {0 0 0};
    %pushi/vec4 0, 0, 4;
    %store/vec4 v0x55e8597c3030_0, 0, 4;
    %pushi/vec4 3, 0, 2;
    %store/vec4 v0x55e8597c3290_0, 0, 2;
    %pushi/vec4 1, 0, 1;
    %store/vec4 v0x55e8597c31f0_0, 0, 1;
    %delay 1, 0;
    %delay 1, 0;
    %pushi/vec4 0, 0, 2;
    %store/vec4 v0x55e8597c3290_0, 0, 2;
    %delay 1, 0;
    %delay 1, 0;
    %delay 1, 0;
    %delay 1, 0;
    %delay 1, 0;
    %delay 1, 0;
    %delay 1, 0;
    %delay 1, 0;
    %delay 1, 0;
    %delay 1, 0;
    %delay 1, 0;
    %delay 1, 0;
    %delay 1, 0;
    %delay 1, 0;
    %delay 1, 0;
    %delay 1, 0;
    %delay 1, 0;
    %delay 1, 0;
    %delay 1, 0;
    %delay 1, 0;
    %delay 1, 0;
    %delay 1, 0;
    %delay 1, 0;
    %delay 1, 0;
    %delay 1, 0;
    %delay 1, 0;
    %delay 1, 0;
    %delay 1, 0;
    %delay 1, 0;
    %delay 1, 0;
    %delay 1, 0;
    %delay 1, 0;
    %vpi_call 4 63 "$display", "\012Cuenta descendente 1 en 1." {0 0 0};
    %pushi/vec4 15, 0, 4;
    %store/vec4 v0x55e8597c3030_0, 0, 4;
    %pushi/vec4 3, 0, 2;
    %store/vec4 v0x55e8597c3290_0, 0, 2;
    %pushi/vec4 1, 0, 1;
    %store/vec4 v0x55e8597c31f0_0, 0, 1;
    %delay 1, 0;
    %delay 1, 0;
    %pushi/vec4 1, 0, 2;
    %store/vec4 v0x55e8597c3290_0, 0, 2;
    %delay 1, 0;
    %delay 1, 0;
    %delay 1, 0;
    %delay 1, 0;
    %delay 1, 0;
    %delay 1, 0;
    %delay 1, 0;
    %delay 1, 0;
    %delay 1, 0;
    %delay 1, 0;
    %delay 1, 0;
    %delay 1, 0;
    %delay 1, 0;
    %delay 1, 0;
    %delay 1, 0;
    %delay 1, 0;
    %delay 1, 0;
    %delay 1, 0;
    %delay 1, 0;
    %delay 1, 0;
    %delay 1, 0;
    %delay 1, 0;
    %delay 1, 0;
    %delay 1, 0;
    %delay 1, 0;
    %delay 1, 0;
    %delay 1, 0;
    %delay 1, 0;
    %delay 1, 0;
    %delay 1, 0;
    %delay 1, 0;
    %delay 1, 0;
    %delay 1, 0;
    %delay 1, 0;
    %vpi_call 4 90 "$display", "\012Cuenta descendente 3 en 3." {0 0 0};
    %pushi/vec4 0, 0, 4;
    %store/vec4 v0x55e8597c3030_0, 0, 4;
    %pushi/vec4 3, 0, 2;
    %store/vec4 v0x55e8597c3290_0, 0, 2;
    %pushi/vec4 1, 0, 1;
    %store/vec4 v0x55e8597c31f0_0, 0, 1;
    %delay 1, 0;
    %delay 1, 0;
    %pushi/vec4 2, 0, 2;
    %store/vec4 v0x55e8597c3290_0, 0, 2;
    %delay 1, 0;
    %delay 1, 0;
    %delay 1, 0;
    %delay 1, 0;
    %delay 1, 0;
    %delay 1, 0;
    %delay 1, 0;
    %delay 1, 0;
    %delay 1, 0;
    %delay 1, 0;
    %delay 1, 0;
    %delay 1, 0;
    %delay 1, 0;
    %delay 1, 0;
    %vpi_call 4 106 "$display", "Carga en paralelo." {0 0 0};
    %delay 1, 0;
    %pushi/vec4 15, 15, 4;
    %store/vec4 v0x55e8597c3030_0, 0, 4;
    %pushi/vec4 3, 0, 2;
    %store/vec4 v0x55e8597c3290_0, 0, 2;
    %pushi/vec4 1, 0, 1;
    %store/vec4 v0x55e8597c31f0_0, 0, 1;
    %delay 1, 0;
    %delay 1, 0;
    %pushi/vec4 5, 0, 4;
    %store/vec4 v0x55e8597c3030_0, 0, 4;
    %delay 2, 0;
    %pushi/vec4 13, 0, 4;
    %store/vec4 v0x55e8597c3030_0, 0, 4;
    %delay 2, 0;
    %pushi/vec4 9, 0, 4;
    %store/vec4 v0x55e8597c3030_0, 0, 4;
    %delay 1, 0;
    %delay 1, 0;
    %vpi_call 4 118 "$monitor", "Time = %d, D = %d, ENB = %b, MODO = %b, Q = %d, w1=%b, w2=%b, w3=%b", $time, v0x55e8597c30f0_0, v0x55e8597c31f0_0, v0x55e8597c3290_0, v0x55e8597c3420_0, v0x55e8597c35c0_0, v0x55e8597c36f0_0, v0x55e8597c3790_0 {0 0 0};
    %pushi/vec4 0, 0, 16;
    %store/vec4 v0x55e8597c30f0_0, 0, 16;
    %pushi/vec4 3, 0, 2;
    %store/vec4 v0x55e8597c3290_0, 0, 2;
    %vpi_call 4 120 "$display", "\012++++++++++++++++++CONTADOR DE 16 BITS++++++++++++++++++\012" {0 0 0};
    %vpi_call 4 121 "$display", "Cuenta ascendente." {0 0 0};
    %pushi/vec4 1, 0, 1;
    %store/vec4 v0x55e8597c31f0_0, 0, 1;
    %delay 1, 0;
    %delay 1, 0;
    %pushi/vec4 0, 0, 2;
    %store/vec4 v0x55e8597c3290_0, 0, 2;
    %delay 2, 0;
    %delay 2, 0;
    %delay 2, 0;
    %delay 2, 0;
    %delay 2, 0;
    %delay 2, 0;
    %delay 2, 0;
    %delay 2, 0;
    %delay 2, 0;
    %delay 2, 0;
    %delay 2, 0;
    %delay 2, 0;
    %delay 2, 0;
    %delay 2, 0;
    %delay 2, 0;
    %delay 2, 0;
    %delay 2, 0;
    %delay 2, 0;
    %delay 2, 0;
    %delay 2, 0;
    %delay 2, 0;
    %delay 2, 0;
    %delay 2, 0;
    %delay 2, 0;
    %delay 2, 0;
    %delay 2, 0;
    %delay 2, 0;
    %delay 2, 0;
    %delay 2, 0;
    %delay 2, 0;
    %delay 2, 0;
    %delay 2, 0;
    %delay 2, 0;
    %delay 2, 0;
    %pushi/vec4 65535, 0, 16;
    %store/vec4 v0x55e8597c30f0_0, 0, 16;
    %pushi/vec4 3, 0, 2;
    %store/vec4 v0x55e8597c3290_0, 0, 2;
    %vpi_call 4 144 "$display", "Cuenta descendente" {0 0 0};
    %pushi/vec4 1, 0, 1;
    %store/vec4 v0x55e8597c31f0_0, 0, 1;
    %delay 1, 0;
    %delay 1, 0;
    %pushi/vec4 1, 0, 2;
    %store/vec4 v0x55e8597c3290_0, 0, 2;
    %delay 2, 0;
    %delay 2, 0;
    %delay 2, 0;
    %delay 2, 0;
    %delay 2, 0;
    %delay 2, 0;
    %delay 2, 0;
    %delay 2, 0;
    %delay 2, 0;
    %delay 2, 0;
    %delay 2, 0;
    %delay 2, 0;
    %delay 2, 0;
    %delay 2, 0;
    %delay 2, 0;
    %delay 2, 0;
    %delay 2, 0;
    %delay 2, 0;
    %delay 1, 0;
    %delay 1, 0;
    %delay 1, 0;
    %delay 1, 0;
    %delay 1, 0;
    %delay 1, 0;
    %delay 1, 0;
    %delay 1, 0;
    %delay 1, 0;
    %delay 1, 0;
    %delay 1, 0;
    %delay 1, 0;
    %pushi/vec4 65535, 0, 16;
    %store/vec4 v0x55e8597c30f0_0, 0, 16;
    %pushi/vec4 3, 0, 2;
    %store/vec4 v0x55e8597c3290_0, 0, 2;
    %vpi_call 4 166 "$display", "Cuenta descendente de 3 en 3" {0 0 0};
    %pushi/vec4 1, 0, 1;
    %store/vec4 v0x55e8597c31f0_0, 0, 1;
    %delay 1, 0;
    %delay 1, 0;
    %pushi/vec4 2, 0, 2;
    %store/vec4 v0x55e8597c3290_0, 0, 2;
    %delay 2, 0;
    %delay 2, 0;
    %delay 2, 0;
    %delay 2, 0;
    %delay 2, 0;
    %delay 2, 0;
    %delay 2, 0;
    %delay 2, 0;
    %delay 2, 0;
    %delay 2, 0;
    %delay 2, 0;
    %delay 2, 0;
    %delay 2, 0;
    %delay 2, 0;
    %delay 2, 0;
    %delay 2, 0;
    %delay 2, 0;
    %delay 2, 0;
    %delay 1, 0;
    %delay 1, 0;
    %delay 1, 0;
    %delay 1, 0;
    %delay 1, 0;
    %delay 1, 0;
    %delay 1, 0;
    %delay 1, 0;
    %delay 1, 0;
    %delay 1, 0;
    %delay 1, 0;
    %delay 1, 0;
    %vpi_call 4 187 "$finish" {0 0 0};
    %end;
    .thread T_10;
    .scope S_0x55e859758690;
T_11 ;
    %vpi_call 2 30 "$dumpfile", "testbench.vcd" {0 0 0};
    %vpi_call 2 31 "$dumpvars", 32'sb11111111111111111111111111111111, S_0x55e859758690 {0 0 0};
    %end;
    .thread T_11;
# The file index is used to find the file name in the following table.
:file_names 5;
    "N/A";
    "<interactive>";
    "testbench.v";
    "./counter_4_bits.v";
    "./tester.v";
