#! /usr/bin/vvp
:ivl_version "11.0 (stable)" "(v11_0)";
:ivl_delay_selection "TYPICAL";
:vpi_time_precision + 0;
:vpi_module "/usr/lib/ivl/system.vpi";
:vpi_module "/usr/lib/ivl/vhdl_sys.vpi";
:vpi_module "/usr/lib/ivl/vhdl_textio.vpi";
:vpi_module "/usr/lib/ivl/v2005_math.vpi";
:vpi_module "/usr/lib/ivl/va_math.vpi";
S_0x55afbab420e0 .scope module, "decoder_tb" "decoder_tb" 2 6;
 .timescale 0 0;
v0x55afbab59ea0_0 .var "I", 1 0;
v0x55afbab59f60_0 .var "en", 0 0;
v0x55afbab5a030_0 .net "y", 3 0, v0x55afbab59d60_0;  1 drivers
S_0x55afbab42270 .scope module, "encoder_bits" "encoder_2_4" 2 11, 3 3 0, S_0x55afbab420e0;
 .timescale 0 0;
    .port_info 0 /OUTPUT 4 "y";
    .port_info 1 /INPUT 1 "en";
    .port_info 2 /INPUT 2 "I";
v0x55afbab0c0a0_0 .net "I", 1 0, v0x55afbab59ea0_0;  1 drivers
v0x55afbab0be40_0 .net "en", 0 0, v0x55afbab59f60_0;  1 drivers
v0x55afbab59d60_0 .var "y", 3 0;
E_0x55afbab44d30 .event edge, v0x55afbab0be40_0, v0x55afbab0c0a0_0;
    .scope S_0x55afbab42270;
T_0 ;
    %wait E_0x55afbab44d30;
    %load/vec4 v0x55afbab0be40_0;
    %load/vec4 v0x55afbab0c0a0_0;
    %concat/vec4; draw_concat_vec4
    %dup/vec4;
    %pushi/vec4 4, 0, 3;
    %cmp/u;
    %jmp/1 T_0.0, 6;
    %dup/vec4;
    %pushi/vec4 5, 0, 3;
    %cmp/u;
    %jmp/1 T_0.1, 6;
    %dup/vec4;
    %pushi/vec4 6, 0, 3;
    %cmp/u;
    %jmp/1 T_0.2, 6;
    %dup/vec4;
    %pushi/vec4 7, 0, 3;
    %cmp/u;
    %jmp/1 T_0.3, 6;
    %dup/vec4;
    %pushi/vec4 0, 0, 3;
    %cmp/u;
    %jmp/1 T_0.4, 6;
    %dup/vec4;
    %pushi/vec4 1, 0, 3;
    %cmp/u;
    %jmp/1 T_0.5, 6;
    %dup/vec4;
    %pushi/vec4 2, 0, 3;
    %cmp/u;
    %jmp/1 T_0.6, 6;
    %dup/vec4;
    %pushi/vec4 3, 0, 3;
    %cmp/u;
    %jmp/1 T_0.7, 6;
    %vpi_call 3 20 "$display", "Invalid combinations." {0 0 0};
    %jmp T_0.9;
T_0.0 ;
    %pushi/vec4 1, 0, 4;
    %store/vec4 v0x55afbab59d60_0, 0, 4;
    %jmp T_0.9;
T_0.1 ;
    %pushi/vec4 2, 0, 4;
    %store/vec4 v0x55afbab59d60_0, 0, 4;
    %jmp T_0.9;
T_0.2 ;
    %pushi/vec4 4, 0, 4;
    %store/vec4 v0x55afbab59d60_0, 0, 4;
    %jmp T_0.9;
T_0.3 ;
    %pushi/vec4 8, 0, 4;
    %store/vec4 v0x55afbab59d60_0, 0, 4;
    %jmp T_0.9;
T_0.4 ;
    %pushi/vec4 0, 0, 4;
    %store/vec4 v0x55afbab59d60_0, 0, 4;
    %jmp T_0.9;
T_0.5 ;
    %pushi/vec4 0, 0, 4;
    %store/vec4 v0x55afbab59d60_0, 0, 4;
    %jmp T_0.9;
T_0.6 ;
    %pushi/vec4 0, 0, 4;
    %store/vec4 v0x55afbab59d60_0, 0, 4;
    %jmp T_0.9;
T_0.7 ;
    %pushi/vec4 0, 0, 4;
    %store/vec4 v0x55afbab59d60_0, 0, 4;
    %jmp T_0.9;
T_0.9 ;
    %pop/vec4 1;
    %jmp T_0;
    .thread T_0, $push;
    .scope S_0x55afbab420e0;
T_1 ;
    %vpi_call 2 12 "$monitor", "time: %d, I = %b, EN = %b, y = %b ", $time, v0x55afbab59ea0_0, v0x55afbab59f60_0, v0x55afbab5a030_0 {0 0 0};
    %end;
    .thread T_1;
    .scope S_0x55afbab420e0;
T_2 ;
    %pushi/vec4 0, 0, 3;
    %split/vec4 2;
    %store/vec4 v0x55afbab59ea0_0, 0, 2;
    %store/vec4 v0x55afbab59f60_0, 0, 1;
    %vpi_call 2 17 "$dumpfile", "encoder_bench.vcd" {0 0 0};
    %vpi_call 2 18 "$dumpvars", 32'sb00000000000000000000000000000000, S_0x55afbab420e0 {0 0 0};
    %delay 10, 0;
    %pushi/vec4 4, 0, 3;
    %split/vec4 2;
    %store/vec4 v0x55afbab59ea0_0, 0, 2;
    %store/vec4 v0x55afbab59f60_0, 0, 1;
    %delay 10, 0;
    %pushi/vec4 5, 0, 3;
    %split/vec4 2;
    %store/vec4 v0x55afbab59ea0_0, 0, 2;
    %store/vec4 v0x55afbab59f60_0, 0, 1;
    %delay 10, 0;
    %pushi/vec4 6, 0, 3;
    %split/vec4 2;
    %store/vec4 v0x55afbab59ea0_0, 0, 2;
    %store/vec4 v0x55afbab59f60_0, 0, 1;
    %delay 10, 0;
    %pushi/vec4 7, 0, 3;
    %split/vec4 2;
    %store/vec4 v0x55afbab59ea0_0, 0, 2;
    %store/vec4 v0x55afbab59f60_0, 0, 1;
    %delay 10, 0;
    %pushi/vec4 0, 0, 3;
    %split/vec4 2;
    %store/vec4 v0x55afbab59ea0_0, 0, 2;
    %store/vec4 v0x55afbab59f60_0, 0, 1;
    %delay 10, 0;
    %pushi/vec4 1, 0, 3;
    %split/vec4 2;
    %store/vec4 v0x55afbab59ea0_0, 0, 2;
    %store/vec4 v0x55afbab59f60_0, 0, 1;
    %delay 10, 0;
    %pushi/vec4 2, 0, 3;
    %split/vec4 2;
    %store/vec4 v0x55afbab59ea0_0, 0, 2;
    %store/vec4 v0x55afbab59f60_0, 0, 1;
    %delay 10, 0;
    %pushi/vec4 3, 0, 3;
    %split/vec4 2;
    %store/vec4 v0x55afbab59ea0_0, 0, 2;
    %store/vec4 v0x55afbab59f60_0, 0, 1;
    %end;
    .thread T_2;
# The file index is used to find the file name in the following table.
:file_names 4;
    "N/A";
    "<interactive>";
    "decoder_tb.v";
    "decoder_2_4.v";
